<?xml version="1.0" encoding="UTF-8"?>
<!-- Generated by org.testng.reporters.JUnitXMLReporter -->
<testsuite ignored="0" hostname="LAPTOP-OR2KO8HI" failures="0" tests="5" name="Test" time="70.359" errors="0" timestamp="2024-12-29T21:44:45 IST">
  <testcase classname="com.ptron.testscript.e_e.Camp_Invoice" name="createCampagin" time="10.364"/>
  <testcase classname="com.ptron.testscript.e_e.Camp_Invoice" name="createLead" time="12.107"/>
  <testcase classname="com.ptron.testscript.e_e.Camp_Invoice" name="convertLeadToPotential" time="5.292"/>
  <testcase classname="com.ptron.testscript.e_e.Camp_Invoice" name="createQuote" time="13.944"/>
  <testcase classname="com.ptron.testscript.e_e.Camp_Invoice" name="createInvoice" time="11.792"/>
</testsuite> <!-- Test -->
