<?xml version="1.0" encoding="UTF-8"?>
<!-- Generated by org.testng.reporters.JUnitXMLReporter -->
<testsuite ignored="0" hostname="LAPTOP-OR2KO8HI" failures="0" tests="3" name="Default test" time="41.57" errors="0" timestamp="2024-12-29T22:08:12 IST">
  <testcase classname="com.ptron.testscript.e_e.Vendor_PriceBook" name="createVendor" time="10.921"/>
  <testcase classname="com.ptron.testscript.e_e.Vendor_PriceBook" name="createProduct" time="7.242"/>
  <testcase classname="com.ptron.testscript.e_e.Vendor_PriceBook" name="createPricebook" time="13.077"/>
</testsuite> <!-- Default test -->
