<?xml version="1.0" encoding="UTF-8"?>
<testng-results ignored="0" total="1" passed="1" failed="0" skipped="0">
  <reporter-output>
  </reporter-output>
  <suite started-at="2024-12-28T00:15:51 IST" name="Default suite" finished-at="2024-12-28T00:16:26 IST" duration-ms="35683">
    <groups>
    </groups>
    <test started-at="2024-12-28T00:15:51 IST" name="Default test" finished-at="2024-12-28T00:16:26 IST" duration-ms="35683">
      <class name="com.ptron.testscript.CreateInvoice">
        <test-method is-config="true" signature="openBrowser()[pri:0, instance:com.ptron.testscript.CreateInvoice@6f03482]" started-at="2024-12-28T00:15:51 IST" name="openBrowser" finished-at="2024-12-28T00:15:54 IST" duration-ms="3121" status="PASS">
          <reporter-output>
          </reporter-output>
        </test-method> <!-- openBrowser -->
        <test-method is-config="true" signature="login()[pri:0, instance:com.ptron.testscript.CreateInvoice@6f03482]" started-at="2024-12-28T00:15:54 IST" name="login" finished-at="2024-12-28T00:15:56 IST" duration-ms="2183" status="PASS">
          <reporter-output>
          </reporter-output>
        </test-method> <!-- login -->
        <test-method signature="createInvoice()[pri:0, instance:com.ptron.testscript.CreateInvoice@6f03482]" started-at="2024-12-28T00:15:56 IST" name="createInvoice" finished-at="2024-12-28T00:16:24 IST" duration-ms="28225" status="PASS">
          <reporter-output>
          </reporter-output>
        </test-method> <!-- createInvoice -->
        <test-method is-config="true" signature="logout()[pri:0, instance:com.ptron.testscript.CreateInvoice@6f03482]" started-at="2024-12-28T00:16:24 IST" name="logout" finished-at="2024-12-28T00:16:26 IST" duration-ms="1171" status="PASS">
          <reporter-output>
          </reporter-output>
        </test-method> <!-- logout -->
        <test-method is-config="true" signature="closeBrowser()[pri:0, instance:com.ptron.testscript.CreateInvoice@6f03482]" started-at="2024-12-28T00:16:26 IST" name="closeBrowser" finished-at="2024-12-28T00:16:26 IST" duration-ms="797" status="PASS">
          <reporter-output>
          </reporter-output>
        </test-method> <!-- closeBrowser -->
      </class> <!-- com.ptron.testscript.CreateInvoice -->
    </test> <!-- Default test -->
  </suite> <!-- Default suite -->
</testng-results>
